
  .   ____          _            __ _ _
 /\\ / ___'_ __ _ _(_)_ __  __ _ \ \ \ \
( ( )\___ | '_ | '_| | '_ \/ _` | \ \ \ \
 \\/  ___)| |_)| | | | | || (_| |  ) ) ) )
  '  |____| .__|_| |_|_| |_\__, | / / / /
 =========|_|==============|___/=/_/_/_/

 :: Spring Boot ::                (v4.0.5)

2026-04-06T15:51:49.401Z  INFO 1 --- [spring-boot] [           main] com.httparena.spring.boot.Application    : Starting Application v0.0.1-SNAPSHOT using Java 25.0.2 with PID 1 (/app/app.jar started by root in /app)
2026-04-06T15:51:49.404Z  INFO 1 --- [spring-boot] [           main] com.httparena.spring.boot.Application    : No active profile set, falling back to 1 default profile: "default"
2026-04-06T15:51:50.271Z  INFO 1 --- [spring-boot] [           main] o.s.boot.tomcat.TomcatWebServer          : Tomcat initialized with ports 8443 (https), 8080 (http)
2026-04-06T15:51:50.284Z  INFO 1 --- [spring-boot] [           main] o.apache.catalina.core.StandardService   : Starting service [Tomcat]
2026-04-06T15:51:50.284Z  INFO 1 --- [spring-boot] [           main] o.apache.catalina.core.StandardEngine    : Starting Servlet engine: [Apache Tomcat/11.0.20]
2026-04-06T15:51:50.303Z  INFO 1 --- [spring-boot] [           main] b.w.c.s.WebApplicationContextInitializer : Root WebApplicationContext: initialization completed in 843 ms
2026-04-06T15:51:50.989Z  INFO 1 --- [spring-boot] [           main] o.a.t.util.net.NioEndpoint.certificate   : Connector [https-jsse-nio-8443], TLS virtual host [_default_], certificate type [UNDEFINED] configured from keystore [Set directly - location unknown] using alias [tomcat] with trust store [null]
2026-04-06T15:51:50.999Z  INFO 1 --- [spring-boot] [           main] o.s.boot.tomcat.TomcatWebServer          : Tomcat started on ports 8443 (https), 8080 (http) with context path '/'
2026-04-06T15:51:51.009Z  INFO 1 --- [spring-boot] [           main] com.httparena.spring.boot.Application    : Started Application in 1.942 seconds (process running for 2.274)
2026-04-06T15:51:51.803Z  INFO 1 --- [spring-boot] [nio-8080-exec-1] o.a.c.c.C.[Tomcat].[localhost].[/]       : Initializing Spring DispatcherServlet 'dispatcherServlet'
2026-04-06T15:51:51.804Z  INFO 1 --- [spring-boot] [nio-8080-exec-1] o.s.web.servlet.DispatcherServlet        : Initializing Servlet 'dispatcherServlet'
2026-04-06T15:51:51.804Z  INFO 1 --- [spring-boot] [nio-8080-exec-1] o.s.web.servlet.DispatcherServlet        : Completed initialization in 0 ms
2026-04-06T15:52:11.557Z  WARN 1 --- [spring-boot] [io-8080-exec-28] .w.s.m.s.DefaultHandlerExceptionResolver : Ignoring exception, response committed already: org.springframework.http.converter.HttpMessageNotWritableException: Could not write JSON: ServletOutputStream failed to write: java.io.IOException: Connection reset by peer
