
  .   ____          _            __ _ _
 /\\ / ___'_ __ _ _(_)_ __  __ _ \ \ \ \
( ( )\___ | '_ | '_| | '_ \/ _` | \ \ \ \
 \\/  ___)| |_)| | | | | || (_| |  ) ) ) )
  '  |____| .__|_| |_|_| |_\__, | / / / /
 =========|_|==============|___/=/_/_/_/

 :: Spring Boot ::                (v4.0.5)

2026-04-06T15:56:38.531Z  INFO 1 --- [spring-boot] [           main] com.httparena.spring.boot.Application    : Starting Application v0.0.1-SNAPSHOT using Java 25.0.2 with PID 1 (/app/app.jar started by root in /app)
2026-04-06T15:56:38.534Z  INFO 1 --- [spring-boot] [           main] com.httparena.spring.boot.Application    : No active profile set, falling back to 1 default profile: "default"
2026-04-06T15:56:39.398Z  INFO 1 --- [spring-boot] [           main] o.s.boot.tomcat.TomcatWebServer          : Tomcat initialized with ports 8443 (https), 8080 (http)
2026-04-06T15:56:39.410Z  INFO 1 --- [spring-boot] [           main] o.apache.catalina.core.StandardService   : Starting service [Tomcat]
2026-04-06T15:56:39.410Z  INFO 1 --- [spring-boot] [           main] o.apache.catalina.core.StandardEngine    : Starting Servlet engine: [Apache Tomcat/11.0.20]
2026-04-06T15:56:39.429Z  INFO 1 --- [spring-boot] [           main] b.w.c.s.WebApplicationContextInitializer : Root WebApplicationContext: initialization completed in 851 ms
2026-04-06T15:56:39.505Z  INFO 1 --- [spring-boot] [           main] com.zaxxer.hikari.HikariDataSource       : HikariPool-1 - Starting...
2026-04-06T15:56:39.578Z  INFO 1 --- [spring-boot] [           main] com.zaxxer.hikari.pool.HikariPool        : HikariPool-1 - Added connection org.postgresql.jdbc.PgConnection@3bf54172
2026-04-06T15:56:39.579Z  INFO 1 --- [spring-boot] [           main] com.zaxxer.hikari.HikariDataSource       : HikariPool-1 - Start completed.
2026-04-06T15:56:40.194Z  INFO 1 --- [spring-boot] [           main] o.a.t.util.net.NioEndpoint.certificate   : Connector [https-jsse-nio-8443], TLS virtual host [_default_], certificate type [UNDEFINED] configured from keystore [Set directly - location unknown] using alias [tomcat] with trust store [null]
2026-04-06T15:56:40.203Z  INFO 1 --- [spring-boot] [           main] o.s.boot.tomcat.TomcatWebServer          : Tomcat started on ports 8443 (https), 8080 (http) with context path '/'
2026-04-06T15:56:40.208Z  INFO 1 --- [spring-boot] [           main] com.httparena.spring.boot.Application    : Started Application in 1.995 seconds (process running for 2.331)
2026-04-06T15:56:40.944Z  INFO 1 --- [spring-boot] [nio-8080-exec-1] o.a.c.c.C.[Tomcat].[localhost].[/]       : Initializing Spring DispatcherServlet 'dispatcherServlet'
2026-04-06T15:56:40.944Z  INFO 1 --- [spring-boot] [nio-8080-exec-1] o.s.web.servlet.DispatcherServlet        : Initializing Servlet 'dispatcherServlet'
2026-04-06T15:56:40.945Z  INFO 1 --- [spring-boot] [nio-8080-exec-1] o.s.web.servlet.DispatcherServlet        : Completed initialization in 1 ms
2026-04-06T15:57:13.436Z  WARN 1 --- [spring-boot] [o-8080-exec-198] .w.s.m.s.DefaultHandlerExceptionResolver : Ignoring exception, response committed already: org.springframework.http.converter.HttpMessageNotWritableException: Could not write JSON: ServletOutputStream failed to write: java.io.IOException: Connection reset by peer
2026-04-06T15:57:13.436Z  WARN 1 --- [spring-boot] [o-8080-exec-100] .w.s.m.s.DefaultHandlerExceptionResolver : Ignoring exception, response committed already: org.springframework.http.converter.HttpMessageNotWritableException: Could not write JSON: ServletOutputStream failed to write: java.io.IOException: Connection reset by peer
2026-04-06T15:57:13.436Z  WARN 1 --- [spring-boot] [o-8080-exec-132] .w.s.m.s.DefaultHandlerExceptionResolver : Ignoring exception, response committed already: org.springframework.http.converter.HttpMessageNotWritableException: Could not write JSON: ServletOutputStream failed to write: java.io.IOException: Connection reset by peer
2026-04-06T15:57:13.437Z  WARN 1 --- [spring-boot] [io-8080-exec-61] .w.s.m.s.DefaultHandlerExceptionResolver : Ignoring exception, response committed already: org.springframework.http.converter.HttpMessageNotWritableException: Could not write JSON: ServletOutputStream failed to write: java.io.IOException: Connection reset by peer
2026-04-06T15:57:13.437Z  WARN 1 --- [spring-boot] [o-8080-exec-173] .w.s.m.s.DefaultHandlerExceptionResolver : Ignoring exception, response committed already: org.springframework.http.converter.HttpMessageNotWritableException: Could not write JSON: ServletOutputStream failed to write: java.io.IOException: Connection reset by peer
2026-04-06T15:57:13.437Z  WARN 1 --- [spring-boot] [io-8080-exec-96] .w.s.m.s.DefaultHandlerExceptionResolver : Ignoring exception, response committed already: org.springframework.http.converter.HttpMessageNotWritableException: Could not write JSON: ServletOutputStream failed to write: java.io.IOException: Connection reset by peer
2026-04-06T15:57:13.437Z  WARN 1 --- [spring-boot] [o-8080-exec-145] .w.s.m.s.DefaultHandlerExceptionResolver : Ignoring exception, response committed already: org.springframework.http.converter.HttpMessageNotWritableException: Could not write JSON: ServletOutputStream failed to write: java.io.IOException: Connection reset by peer
2026-04-06T15:57:13.439Z  WARN 1 --- [spring-boot] [o-8080-exec-149] .w.s.m.s.DefaultHandlerExceptionResolver : Ignoring exception, response committed already: org.springframework.http.converter.HttpMessageNotWritableException: Could not write JSON: ServletOutputStream failed to write: java.io.IOException: Connection reset by peer
2026-04-06T15:57:13.440Z  WARN 1 --- [spring-boot] [o-8080-exec-151] .w.s.m.s.DefaultHandlerExceptionResolver : Ignoring exception, response committed already: org.springframework.http.converter.HttpMessageNotWritableException: Could not write JSON: ServletOutputStream failed to write: java.io.IOException: Connection reset by peer
2026-04-06T15:57:13.441Z  WARN 1 --- [spring-boot] [o-8080-exec-184] .w.s.m.s.DefaultHandlerExceptionResolver : Ignoring exception, response committed already: org.springframework.http.converter.HttpMessageNotWritableException: Could not write JSON: ServletOutputStream failed to write: java.io.IOException: Connection reset by peer
2026-04-06T15:57:13.441Z  WARN 1 --- [spring-boot] [io-8080-exec-90] .w.s.m.s.DefaultHandlerExceptionResolver : Ignoring exception, response committed already: org.springframework.http.converter.HttpMessageNotWritableException: Could not write JSON: ServletOutputStream failed to write: java.io.IOException: Connection reset by peer
2026-04-06T15:57:13.442Z  WARN 1 --- [spring-boot] [io-8080-exec-65] .w.s.m.s.DefaultHandlerExceptionResolver : Ignoring exception, response committed already: org.springframework.http.converter.HttpMessageNotWritableException: Could not write JSON: ServletOutputStream failed to write: java.io.IOException: Connection reset by peer
2026-04-06T15:57:13.442Z  WARN 1 --- [spring-boot] [io-8080-exec-28] .w.s.m.s.DefaultHandlerExceptionResolver : Ignoring exception, response committed already: org.springframework.http.converter.HttpMessageNotWritableException: Could not write JSON: ServletOutputStream failed to write: java.io.IOException: Connection reset by peer
2026-04-06T15:57:13.443Z  WARN 1 --- [spring-boot] [io-8080-exec-40] .w.s.m.s.DefaultHandlerExceptionResolver : Ignoring exception, response committed already: org.springframework.http.converter.HttpMessageNotWritableException: Could not write JSON: ServletOutputStream failed to write: java.io.IOException: Connection reset by peer
2026-04-06T15:57:13.443Z  WARN 1 --- [spring-boot] [o-8080-exec-186] .w.s.m.s.DefaultHandlerExceptionResolver : Ignoring exception, response committed already: org.springframework.http.converter.HttpMessageNotWritableException: Could not write JSON: ServletOutputStream failed to write: java.io.IOException: Connection reset by peer
2026-04-06T15:57:13.444Z  WARN 1 --- [spring-boot] [io-8080-exec-24] .w.s.m.s.DefaultHandlerExceptionResolver : Ignoring exception, response committed already: org.springframework.http.converter.HttpMessageNotWritableException: Could not write JSON: ServletOutputStream failed to write: java.io.IOException: Connection reset by peer
2026-04-06T15:57:13.445Z  WARN 1 --- [spring-boot] [o-8080-exec-179] .w.s.m.s.DefaultHandlerExceptionResolver : Ignoring exception, response committed already: org.springframework.http.converter.HttpMessageNotWritableException: Could not write JSON: ServletOutputStream failed to write: java.io.IOException: Connection reset by peer
2026-04-06T15:57:13.445Z  WARN 1 --- [spring-boot] [o-8080-exec-112] .w.s.m.s.DefaultHandlerExceptionResolver : Ignoring exception, response committed already: org.springframework.http.converter.HttpMessageNotWritableException: Could not write JSON: ServletOutputStream failed to write: java.io.IOException: Connection reset by peer
2026-04-06T15:57:13.445Z  WARN 1 --- [spring-boot] [io-8080-exec-13] .w.s.m.s.DefaultHandlerExceptionResolver : Ignoring exception, response committed already: org.springframework.http.converter.HttpMessageNotWritableException: Could not write JSON: ServletOutputStream failed to write: java.io.IOException: Connection reset by peer
2026-04-06T15:57:13.446Z  WARN 1 --- [spring-boot] [io-8080-exec-95] .w.s.m.s.DefaultHandlerExceptionResolver : Ignoring exception, response committed already: org.springframework.http.converter.HttpMessageNotWritableException: Could not write JSON: ServletOutputStream failed to write: java.io.IOException: Connection reset by peer
2026-04-06T15:57:13.447Z  WARN 1 --- [spring-boot] [io-8080-exec-82] .w.s.m.s.DefaultHandlerExceptionResolver : Ignoring exception, response committed already: org.springframework.http.converter.HttpMessageNotWritableException: Could not write JSON: ServletOutputStream failed to write: java.io.IOException: Connection reset by peer
2026-04-06T15:57:13.447Z  WARN 1 --- [spring-boot] [io-8080-exec-62] .w.s.m.s.DefaultHandlerExceptionResolver : Ignoring exception, response committed already: org.springframework.http.converter.HttpMessageNotWritableException: Could not write JSON: ServletOutputStream failed to write: java.io.IOException: Connection reset by peer
